2023-09-14 10:23:44 |INFO  |main |StartupInfoLogger.java:55 |com.atguigu.accounting.TestReadAndWrite |Starting TestReadAndWrite on Gavin-laptop with PID 13668 (started by Gavin in D:\OneDrive\AtGuiGu\JavaDevelop\accounting\system-service)
2023-09-14 10:23:44 |INFO  |main |SpringApplication.java:655 |com.atguigu.accounting.TestReadAndWrite |The following profiles are active: dev
2023-09-14 10:23:46 |INFO  |main |RepositoryConfigurationDelegate.java:249 |org.springframework.data.repository.config.RepositoryConfigurationDelegate |Multiple Spring Data modules found, entering strict repository configuration mode!
2023-09-14 10:23:46 |INFO  |main |RepositoryConfigurationDelegate.java:127 |org.springframework.data.repository.config.RepositoryConfigurationDelegate |Bootstrapping Spring Data Redis repositories in DEFAULT mode.
2023-09-14 10:23:46 |INFO  |main |RepositoryConfigurationDelegate.java:187 |org.springframework.data.repository.config.RepositoryConfigurationDelegate |Finished Spring Data repository scanning in 45ms. Found 0 Redis repository interfaces.
2023-09-14 10:23:46 |INFO  |main |EnableEncryptablePropertiesBeanFactoryPostProcessor.java:48 |com.ulisesbocchio.jasyptspringboot.configuration.EnableEncryptablePropertiesBeanFactoryPostProcessor |Post-processing PropertySource instances
2023-09-14 10:23:46 |INFO  |main |EncryptablePropertySourceConverter.java:44 |com.ulisesbocchio.jasyptspringboot.EncryptablePropertySourceConverter |Converting PropertySource configurationProperties [org.springframework.boot.context.properties.source.ConfigurationPropertySourcesPropertySource] to AOP Proxy
2023-09-14 10:23:46 |INFO  |main |EncryptablePropertySourceConverter.java:44 |com.ulisesbocchio.jasyptspringboot.EncryptablePropertySourceConverter |Converting PropertySource Inlined Test Properties [org.springframework.core.env.MapPropertySource] to EncryptableMapPropertySourceWrapper
2023-09-14 10:23:46 |INFO  |main |EncryptablePropertySourceConverter.java:44 |com.ulisesbocchio.jasyptspringboot.EncryptablePropertySourceConverter |Converting PropertySource systemProperties [org.springframework.core.env.PropertiesPropertySource] to EncryptableMapPropertySourceWrapper
2023-09-14 10:23:46 |INFO  |main |EncryptablePropertySourceConverter.java:44 |com.ulisesbocchio.jasyptspringboot.EncryptablePropertySourceConverter |Converting PropertySource systemEnvironment [org.springframework.boot.env.SystemEnvironmentPropertySourceEnvironmentPostProcessor$OriginAwareSystemEnvironmentPropertySource] to EncryptableSystemEnvironmentPropertySourceWrapper
2023-09-14 10:23:46 |INFO  |main |EncryptablePropertySourceConverter.java:44 |com.ulisesbocchio.jasyptspringboot.EncryptablePropertySourceConverter |Converting PropertySource random [org.springframework.boot.env.RandomValuePropertySource] to EncryptablePropertySourceWrapper
2023-09-14 10:23:46 |INFO  |main |EncryptablePropertySourceConverter.java:44 |com.ulisesbocchio.jasyptspringboot.EncryptablePropertySourceConverter |Converting PropertySource applicationConfig: [classpath:/application.yaml] [org.springframework.boot.env.OriginTrackedMapPropertySource] to EncryptableMapPropertySourceWrapper
2023-09-14 10:23:47 |INFO  |main |DefaultLazyPropertyFilter.java:31 |com.ulisesbocchio.jasyptspringboot.filter.DefaultLazyPropertyFilter |Property Filter custom Bean not found with name 'encryptablePropertyFilter'. Initializing Default Property Filter
2023-09-14 10:23:47 |INFO  |main |PostProcessorRegistrationDelegate.java:335 |org.springframework.context.support.PostProcessorRegistrationDelegate$BeanPostProcessorChecker |Bean 'org.springframework.security.access.expression.method.DefaultMethodSecurityExpressionHandler@3667faa8' of type [org.springframework.security.access.expression.method.DefaultMethodSecurityExpressionHandler] is not eligible for getting processed by all BeanPostProcessors (for example: not eligible for auto-proxying)
2023-09-14 10:23:47 |INFO  |main |PostProcessorRegistrationDelegate.java:335 |org.springframework.context.support.PostProcessorRegistrationDelegate$BeanPostProcessorChecker |Bean 'methodSecurityMetadataSource' of type [org.springframework.security.access.method.DelegatingMethodSecurityMetadataSource] is not eligible for getting processed by all BeanPostProcessors (for example: not eligible for auto-proxying)
2023-09-14 10:23:47 |INFO  |main |DefaultLazyPropertyResolver.java:35 |com.ulisesbocchio.jasyptspringboot.resolver.DefaultLazyPropertyResolver |Property Resolver custom Bean not found with name 'encryptablePropertyResolver'. Initializing Default Property Resolver
2023-09-14 10:23:47 |INFO  |main |DefaultLazyPropertyDetector.java:35 |com.ulisesbocchio.jasyptspringboot.detector.DefaultLazyPropertyDetector |Property Detector custom Bean not found with name 'encryptablePropertyDetector'. Initializing Default Property Detector
2023-09-14 10:23:51 |INFO  |main |PropertySourcedRequestMappingHandlerMapping.java:69 |springfox.documentation.spring.web.PropertySourcedRequestMappingHandlerMapping |Mapped URL path [/v2/api-docs] onto method [springfox.documentation.swagger2.web.Swagger2Controller#getDocumentation(String, HttpServletRequest)]
2023-09-14 10:23:51 |INFO  |main |DefaultSecurityFilterChain.java:43 |org.springframework.security.web.DefaultSecurityFilterChain |Creating filter chain: Ant [pattern='/favicon.ico'], []
2023-09-14 10:23:51 |INFO  |main |DefaultSecurityFilterChain.java:43 |org.springframework.security.web.DefaultSecurityFilterChain |Creating filter chain: Ant [pattern='/swagger-resources/**'], []
2023-09-14 10:23:51 |INFO  |main |DefaultSecurityFilterChain.java:43 |org.springframework.security.web.DefaultSecurityFilterChain |Creating filter chain: Ant [pattern='/webjars/**'], []
2023-09-14 10:23:51 |INFO  |main |DefaultSecurityFilterChain.java:43 |org.springframework.security.web.DefaultSecurityFilterChain |Creating filter chain: Ant [pattern='/v2/**'], []
2023-09-14 10:23:51 |INFO  |main |DefaultSecurityFilterChain.java:43 |org.springframework.security.web.DefaultSecurityFilterChain |Creating filter chain: Ant [pattern='/doc.html'], []
2023-09-14 10:23:51 |INFO  |main |DefaultSecurityFilterChain.java:43 |org.springframework.security.web.DefaultSecurityFilterChain |Creating filter chain: Ant [pattern='/admin/user/save'], []
2023-09-14 10:23:52 |INFO  |main |DefaultSecurityFilterChain.java:43 |org.springframework.security.web.DefaultSecurityFilterChain |Creating filter chain: any request, [org.springframework.security.web.context.request.async.WebAsyncManagerIntegrationFilter@51132514, org.springframework.security.web.context.SecurityContextPersistenceFilter@598657cd, org.springframework.security.web.header.HeaderWriterFilter@76af51d6, org.springframework.web.filter.CorsFilter@20864cd1, org.springframework.security.web.authentication.logout.LogoutFilter@2342f1ff, com.atguigu.accounting.security.TokenAuthenticationFilter@5c839677, com.atguigu.accounting.security.TokenLoginFilter@3193e21d, org.springframework.security.web.savedrequest.RequestCacheAwareFilter@69e2fe3b, org.springframework.security.web.servletapi.SecurityContextHolderAwareRequestFilter@22c8ee48, org.springframework.security.web.authentication.AnonymousAuthenticationFilter@79604abe, org.springframework.security.web.session.SessionManagementFilter@1930a804, org.springframework.security.web.access.ExceptionTranslationFilter@56835f2f, org.springframework.security.web.access.intercept.FilterSecurityInterceptor@295b07e0]
2023-09-14 10:23:52 |INFO  |main |ExecutorConfigurationSupport.java:181 |org.springframework.scheduling.concurrent.ThreadPoolTaskExecutor |Initializing ExecutorService 'applicationTaskExecutor'
2023-09-14 10:23:53 |INFO  |main |DocumentationPluginsBootstrapper.java:160 |springfox.documentation.spring.web.plugins.DocumentationPluginsBootstrapper |Context refreshed
2023-09-14 10:23:53 |INFO  |main |DocumentationPluginsBootstrapper.java:163 |springfox.documentation.spring.web.plugins.DocumentationPluginsBootstrapper |Found 2 custom documentation plugin(s)
2023-09-14 10:23:53 |INFO  |main |ApiListingReferenceScanner.java:41 |springfox.documentation.spring.web.scanners.ApiListingReferenceScanner |Scanning for api listing references
2023-09-14 10:23:53 |INFO  |main |CachingOperationNameGenerator.java:40 |springfox.documentation.spring.web.readers.operation.CachingOperationNameGenerator |Generating unique operation named: saveUsingPOST_1
2023-09-14 10:23:53 |INFO  |main |CachingOperationNameGenerator.java:40 |springfox.documentation.spring.web.readers.operation.CachingOperationNameGenerator |Generating unique operation named: getByIdUsingGET_1
2023-09-14 10:23:53 |INFO  |main |CachingOperationNameGenerator.java:40 |springfox.documentation.spring.web.readers.operation.CachingOperationNameGenerator |Generating unique operation named: saveUsingPOST_2
2023-09-14 10:23:53 |INFO  |main |CachingOperationNameGenerator.java:40 |springfox.documentation.spring.web.readers.operation.CachingOperationNameGenerator |Generating unique operation named: updateUsingPUT_1
2023-09-14 10:23:53 |INFO  |main |CachingOperationNameGenerator.java:40 |springfox.documentation.spring.web.readers.operation.CachingOperationNameGenerator |Generating unique operation named: removeByIdUsingDELETE_1
2023-09-14 10:23:53 |INFO  |main |CachingOperationNameGenerator.java:40 |springfox.documentation.spring.web.readers.operation.CachingOperationNameGenerator |Generating unique operation named: deleteByIdUsingDELETE_1
2023-09-14 10:23:53 |INFO  |main |CachingOperationNameGenerator.java:40 |springfox.documentation.spring.web.readers.operation.CachingOperationNameGenerator |Generating unique operation named: doAssignUsingPUT_1
2023-09-14 10:23:53 |INFO  |main |CachingOperationNameGenerator.java:40 |springfox.documentation.spring.web.readers.operation.CachingOperationNameGenerator |Generating unique operation named: getAssignUsingGET_1
2023-09-14 10:23:53 |INFO  |main |ApiListingReferenceScanner.java:41 |springfox.documentation.spring.web.scanners.ApiListingReferenceScanner |Scanning for api listing references
2023-09-14 10:23:53 |INFO  |main |StartupInfoLogger.java:61 |com.atguigu.accounting.TestReadAndWrite |Started TestReadAndWrite in 9.256 seconds (JVM running for 10.851)
2023-09-14 10:23:53 |INFO  |SpringContextShutdownHook |ExecutorConfigurationSupport.java:218 |org.springframework.scheduling.concurrent.ThreadPoolTaskExecutor |Shutting down ExecutorService 'applicationTaskExecutor'
2023-09-14 11:10:05 |INFO  |main |StartupInfoLogger.java:55 |com.atguigu.accounting.TestReadAndWrite |Starting TestReadAndWrite on Gavin-laptop with PID 19436 (started by Gavin in D:\OneDrive\AtGuiGu\JavaDevelop\accounting\system-service)
2023-09-14 11:10:05 |INFO  |main |SpringApplication.java:655 |com.atguigu.accounting.TestReadAndWrite |The following profiles are active: dev
2023-09-14 11:10:06 |INFO  |main |RepositoryConfigurationDelegate.java:249 |org.springframework.data.repository.config.RepositoryConfigurationDelegate |Multiple Spring Data modules found, entering strict repository configuration mode!
2023-09-14 11:10:06 |INFO  |main |RepositoryConfigurationDelegate.java:127 |org.springframework.data.repository.config.RepositoryConfigurationDelegate |Bootstrapping Spring Data Redis repositories in DEFAULT mode.
2023-09-14 11:10:06 |INFO  |main |RepositoryConfigurationDelegate.java:187 |org.springframework.data.repository.config.RepositoryConfigurationDelegate |Finished Spring Data repository scanning in 27ms. Found 0 Redis repository interfaces.
2023-09-14 11:10:07 |INFO  |main |EnableEncryptablePropertiesBeanFactoryPostProcessor.java:44 |com.ulisesbocchio.jasyptspringboot.configuration.EnableEncryptablePropertiesBeanFactoryPostProcessor |Post-processing PropertySource instances
2023-09-14 11:10:07 |INFO  |main |EncryptablePropertySourceConverter.java:105 |com.ulisesbocchio.jasyptspringboot.EncryptablePropertySourceConverter |Skipping PropertySource configurationProperties [class org.springframework.boot.context.properties.source.ConfigurationPropertySourcesPropertySource
2023-09-14 11:10:07 |INFO  |main |EncryptablePropertySourceConverter.java:110 |com.ulisesbocchio.jasyptspringboot.EncryptablePropertySourceConverter |Converting PropertySource Inlined Test Properties [org.springframework.core.env.MapPropertySource] to EncryptableMapPropertySourceWrapper
2023-09-14 11:10:07 |INFO  |main |EncryptablePropertySourceConverter.java:110 |com.ulisesbocchio.jasyptspringboot.EncryptablePropertySourceConverter |Converting PropertySource systemProperties [org.springframework.core.env.PropertiesPropertySource] to EncryptableMapPropertySourceWrapper
2023-09-14 11:10:07 |INFO  |main |EncryptablePropertySourceConverter.java:110 |com.ulisesbocchio.jasyptspringboot.EncryptablePropertySourceConverter |Converting PropertySource systemEnvironment [org.springframework.boot.env.SystemEnvironmentPropertySourceEnvironmentPostProcessor$OriginAwareSystemEnvironmentPropertySource] to EncryptableSystemEnvironmentPropertySourceWrapper
2023-09-14 11:10:07 |INFO  |main |EncryptablePropertySourceConverter.java:110 |com.ulisesbocchio.jasyptspringboot.EncryptablePropertySourceConverter |Converting PropertySource random [org.springframework.boot.env.RandomValuePropertySource] to EncryptablePropertySourceWrapper
2023-09-14 11:10:07 |INFO  |main |EncryptablePropertySourceConverter.java:110 |com.ulisesbocchio.jasyptspringboot.EncryptablePropertySourceConverter |Converting PropertySource applicationConfig: [classpath:/application.yaml] [org.springframework.boot.env.OriginTrackedMapPropertySource] to EncryptableMapPropertySourceWrapper
2023-09-14 11:10:07 |INFO  |main |PostProcessorRegistrationDelegate.java:335 |org.springframework.context.support.PostProcessorRegistrationDelegate$BeanPostProcessorChecker |Bean 'org.springframework.security.access.expression.method.DefaultMethodSecurityExpressionHandler@7f2d31af' of type [org.springframework.security.access.expression.method.DefaultMethodSecurityExpressionHandler] is not eligible for getting processed by all BeanPostProcessors (for example: not eligible for auto-proxying)
2023-09-14 11:10:07 |INFO  |main |PostProcessorRegistrationDelegate.java:335 |org.springframework.context.support.PostProcessorRegistrationDelegate$BeanPostProcessorChecker |Bean 'methodSecurityMetadataSource' of type [org.springframework.security.access.method.DelegatingMethodSecurityMetadataSource] is not eligible for getting processed by all BeanPostProcessors (for example: not eligible for auto-proxying)
2023-09-14 11:10:07 |INFO  |main |DefaultLazyPropertyFilter.java:45 |com.ulisesbocchio.jasyptspringboot.filter.DefaultLazyPropertyFilter |Property Filter custom Bean not found with name 'encryptablePropertyFilter'. Initializing Default Property Filter
2023-09-14 11:10:07 |INFO  |main |DefaultLazyPropertyResolver.java:46 |com.ulisesbocchio.jasyptspringboot.resolver.DefaultLazyPropertyResolver |Property Resolver custom Bean not found with name 'encryptablePropertyResolver'. Initializing Default Property Resolver
2023-09-14 11:10:07 |INFO  |main |DefaultLazyPropertyDetector.java:44 |com.ulisesbocchio.jasyptspringboot.detector.DefaultLazyPropertyDetector |Property Detector custom Bean not found with name 'encryptablePropertyDetector'. Initializing Default Property Detector
2023-09-14 11:10:11 |INFO  |main |PropertySourcedRequestMappingHandlerMapping.java:69 |springfox.documentation.spring.web.PropertySourcedRequestMappingHandlerMapping |Mapped URL path [/v2/api-docs] onto method [springfox.documentation.swagger2.web.Swagger2Controller#getDocumentation(String, HttpServletRequest)]
2023-09-14 11:10:11 |INFO  |main |DefaultSecurityFilterChain.java:43 |org.springframework.security.web.DefaultSecurityFilterChain |Creating filter chain: Ant [pattern='/favicon.ico'], []
2023-09-14 11:10:11 |INFO  |main |DefaultSecurityFilterChain.java:43 |org.springframework.security.web.DefaultSecurityFilterChain |Creating filter chain: Ant [pattern='/swagger-resources/**'], []
2023-09-14 11:10:11 |INFO  |main |DefaultSecurityFilterChain.java:43 |org.springframework.security.web.DefaultSecurityFilterChain |Creating filter chain: Ant [pattern='/webjars/**'], []
2023-09-14 11:10:11 |INFO  |main |DefaultSecurityFilterChain.java:43 |org.springframework.security.web.DefaultSecurityFilterChain |Creating filter chain: Ant [pattern='/v2/**'], []
2023-09-14 11:10:11 |INFO  |main |DefaultSecurityFilterChain.java:43 |org.springframework.security.web.DefaultSecurityFilterChain |Creating filter chain: Ant [pattern='/doc.html'], []
2023-09-14 11:10:11 |INFO  |main |DefaultSecurityFilterChain.java:43 |org.springframework.security.web.DefaultSecurityFilterChain |Creating filter chain: Ant [pattern='/admin/user/save'], []
2023-09-14 11:10:12 |INFO  |main |DefaultSecurityFilterChain.java:43 |org.springframework.security.web.DefaultSecurityFilterChain |Creating filter chain: any request, [org.springframework.security.web.context.request.async.WebAsyncManagerIntegrationFilter@270f28cf, org.springframework.security.web.context.SecurityContextPersistenceFilter@203765b2, org.springframework.security.web.header.HeaderWriterFilter@51af8049, org.springframework.web.filter.CorsFilter@2e1add6f, org.springframework.security.web.authentication.logout.LogoutFilter@7eee6c13, com.atguigu.accounting.security.TokenAuthenticationFilter@467af68c, com.atguigu.accounting.security.TokenLoginFilter@43786627, org.springframework.security.web.savedrequest.RequestCacheAwareFilter@1b47b7f5, org.springframework.security.web.servletapi.SecurityContextHolderAwareRequestFilter@3b39e79b, org.springframework.security.web.authentication.AnonymousAuthenticationFilter@1d6f77d7, org.springframework.security.web.session.SessionManagementFilter@a9a8ec3, org.springframework.security.web.access.ExceptionTranslationFilter@9f9146d, org.springframework.security.web.access.intercept.FilterSecurityInterceptor@21f50d2c]
2023-09-14 11:10:13 |INFO  |main |ExecutorConfigurationSupport.java:181 |org.springframework.scheduling.concurrent.ThreadPoolTaskExecutor |Initializing ExecutorService 'applicationTaskExecutor'
2023-09-14 11:10:13 |INFO  |main |DocumentationPluginsBootstrapper.java:160 |springfox.documentation.spring.web.plugins.DocumentationPluginsBootstrapper |Context refreshed
2023-09-14 11:10:13 |INFO  |main |DocumentationPluginsBootstrapper.java:163 |springfox.documentation.spring.web.plugins.DocumentationPluginsBootstrapper |Found 2 custom documentation plugin(s)
2023-09-14 11:10:13 |INFO  |main |ApiListingReferenceScanner.java:41 |springfox.documentation.spring.web.scanners.ApiListingReferenceScanner |Scanning for api listing references
2023-09-14 11:10:13 |INFO  |main |CachingOperationNameGenerator.java:40 |springfox.documentation.spring.web.readers.operation.CachingOperationNameGenerator |Generating unique operation named: saveUsingPOST_1
2023-09-14 11:10:13 |INFO  |main |CachingOperationNameGenerator.java:40 |springfox.documentation.spring.web.readers.operation.CachingOperationNameGenerator |Generating unique operation named: getByIdUsingGET_1
2023-09-14 11:10:13 |INFO  |main |CachingOperationNameGenerator.java:40 |springfox.documentation.spring.web.readers.operation.CachingOperationNameGenerator |Generating unique operation named: saveUsingPOST_2
2023-09-14 11:10:13 |INFO  |main |CachingOperationNameGenerator.java:40 |springfox.documentation.spring.web.readers.operation.CachingOperationNameGenerator |Generating unique operation named: updateUsingPUT_1
2023-09-14 11:10:14 |INFO  |main |CachingOperationNameGenerator.java:40 |springfox.documentation.spring.web.readers.operation.CachingOperationNameGenerator |Generating unique operation named: removeByIdUsingDELETE_1
2023-09-14 11:10:14 |INFO  |main |CachingOperationNameGenerator.java:40 |springfox.documentation.spring.web.readers.operation.CachingOperationNameGenerator |Generating unique operation named: deleteByIdUsingDELETE_1
2023-09-14 11:10:14 |INFO  |main |CachingOperationNameGenerator.java:40 |springfox.documentation.spring.web.readers.operation.CachingOperationNameGenerator |Generating unique operation named: doAssignUsingPUT_1
2023-09-14 11:10:14 |INFO  |main |CachingOperationNameGenerator.java:40 |springfox.documentation.spring.web.readers.operation.CachingOperationNameGenerator |Generating unique operation named: getAssignUsingGET_1
2023-09-14 11:10:14 |INFO  |main |ApiListingReferenceScanner.java:41 |springfox.documentation.spring.web.scanners.ApiListingReferenceScanner |Scanning for api listing references
2023-09-14 11:10:14 |INFO  |main |StartupInfoLogger.java:61 |com.atguigu.accounting.TestReadAndWrite |Started TestReadAndWrite in 8.743 seconds (JVM running for 10.161)
2023-09-14 11:10:14 |INFO  |main |DefaultLazyEncryptor.java:46 |com.ulisesbocchio.jasyptspringboot.encryptor.DefaultLazyEncryptor |String Encryptor custom Bean not found with name 'jasyptStringEncryptor'. Initializing Default String Encryptor
2023-09-14 11:10:14 |INFO  |SpringContextShutdownHook |ExecutorConfigurationSupport.java:218 |org.springframework.scheduling.concurrent.ThreadPoolTaskExecutor |Shutting down ExecutorService 'applicationTaskExecutor'
2023-09-14 11:11:24 |INFO  |main |StartupInfoLogger.java:55 |com.atguigu.accounting.TestReadAndWrite |Starting TestReadAndWrite on Gavin-laptop with PID 5112 (started by Gavin in D:\OneDrive\AtGuiGu\JavaDevelop\accounting\system-service)
2023-09-14 11:11:24 |INFO  |main |SpringApplication.java:655 |com.atguigu.accounting.TestReadAndWrite |The following profiles are active: dev
2023-09-14 11:11:25 |INFO  |main |RepositoryConfigurationDelegate.java:249 |org.springframework.data.repository.config.RepositoryConfigurationDelegate |Multiple Spring Data modules found, entering strict repository configuration mode!
2023-09-14 11:11:25 |INFO  |main |RepositoryConfigurationDelegate.java:127 |org.springframework.data.repository.config.RepositoryConfigurationDelegate |Bootstrapping Spring Data Redis repositories in DEFAULT mode.
2023-09-14 11:11:25 |INFO  |main |RepositoryConfigurationDelegate.java:187 |org.springframework.data.repository.config.RepositoryConfigurationDelegate |Finished Spring Data repository scanning in 29ms. Found 0 Redis repository interfaces.
2023-09-14 11:11:25 |INFO  |main |EnableEncryptablePropertiesBeanFactoryPostProcessor.java:44 |com.ulisesbocchio.jasyptspringboot.configuration.EnableEncryptablePropertiesBeanFactoryPostProcessor |Post-processing PropertySource instances
2023-09-14 11:11:25 |INFO  |main |EncryptablePropertySourceConverter.java:105 |com.ulisesbocchio.jasyptspringboot.EncryptablePropertySourceConverter |Skipping PropertySource configurationProperties [class org.springframework.boot.context.properties.source.ConfigurationPropertySourcesPropertySource
2023-09-14 11:11:25 |INFO  |main |EncryptablePropertySourceConverter.java:110 |com.ulisesbocchio.jasyptspringboot.EncryptablePropertySourceConverter |Converting PropertySource Inlined Test Properties [org.springframework.core.env.MapPropertySource] to EncryptableMapPropertySourceWrapper
2023-09-14 11:11:25 |INFO  |main |EncryptablePropertySourceConverter.java:110 |com.ulisesbocchio.jasyptspringboot.EncryptablePropertySourceConverter |Converting PropertySource systemProperties [org.springframework.core.env.PropertiesPropertySource] to EncryptableMapPropertySourceWrapper
2023-09-14 11:11:25 |INFO  |main |EncryptablePropertySourceConverter.java:110 |com.ulisesbocchio.jasyptspringboot.EncryptablePropertySourceConverter |Converting PropertySource systemEnvironment [org.springframework.boot.env.SystemEnvironmentPropertySourceEnvironmentPostProcessor$OriginAwareSystemEnvironmentPropertySource] to EncryptableSystemEnvironmentPropertySourceWrapper
2023-09-14 11:11:25 |INFO  |main |EncryptablePropertySourceConverter.java:110 |com.ulisesbocchio.jasyptspringboot.EncryptablePropertySourceConverter |Converting PropertySource random [org.springframework.boot.env.RandomValuePropertySource] to EncryptablePropertySourceWrapper
2023-09-14 11:11:25 |INFO  |main |EncryptablePropertySourceConverter.java:110 |com.ulisesbocchio.jasyptspringboot.EncryptablePropertySourceConverter |Converting PropertySource applicationConfig: [classpath:/application.yaml] [org.springframework.boot.env.OriginTrackedMapPropertySource] to EncryptableMapPropertySourceWrapper
2023-09-14 11:11:26 |INFO  |main |PostProcessorRegistrationDelegate.java:335 |org.springframework.context.support.PostProcessorRegistrationDelegate$BeanPostProcessorChecker |Bean 'org.springframework.security.access.expression.method.DefaultMethodSecurityExpressionHandler@25f723b0' of type [org.springframework.security.access.expression.method.DefaultMethodSecurityExpressionHandler] is not eligible for getting processed by all BeanPostProcessors (for example: not eligible for auto-proxying)
2023-09-14 11:11:26 |INFO  |main |PostProcessorRegistrationDelegate.java:335 |org.springframework.context.support.PostProcessorRegistrationDelegate$BeanPostProcessorChecker |Bean 'methodSecurityMetadataSource' of type [org.springframework.security.access.method.DelegatingMethodSecurityMetadataSource] is not eligible for getting processed by all BeanPostProcessors (for example: not eligible for auto-proxying)
2023-09-14 11:11:26 |INFO  |main |DefaultLazyPropertyFilter.java:45 |com.ulisesbocchio.jasyptspringboot.filter.DefaultLazyPropertyFilter |Property Filter custom Bean not found with name 'encryptablePropertyFilter'. Initializing Default Property Filter
2023-09-14 11:11:26 |INFO  |main |DefaultLazyPropertyResolver.java:46 |com.ulisesbocchio.jasyptspringboot.resolver.DefaultLazyPropertyResolver |Property Resolver custom Bean not found with name 'encryptablePropertyResolver'. Initializing Default Property Resolver
2023-09-14 11:11:26 |INFO  |main |DefaultLazyPropertyDetector.java:44 |com.ulisesbocchio.jasyptspringboot.detector.DefaultLazyPropertyDetector |Property Detector custom Bean not found with name 'encryptablePropertyDetector'. Initializing Default Property Detector
2023-09-14 11:11:30 |INFO  |main |PropertySourcedRequestMappingHandlerMapping.java:69 |springfox.documentation.spring.web.PropertySourcedRequestMappingHandlerMapping |Mapped URL path [/v2/api-docs] onto method [springfox.documentation.swagger2.web.Swagger2Controller#getDocumentation(String, HttpServletRequest)]
2023-09-14 11:11:30 |INFO  |main |DefaultSecurityFilterChain.java:43 |org.springframework.security.web.DefaultSecurityFilterChain |Creating filter chain: Ant [pattern='/favicon.ico'], []
2023-09-14 11:11:30 |INFO  |main |DefaultSecurityFilterChain.java:43 |org.springframework.security.web.DefaultSecurityFilterChain |Creating filter chain: Ant [pattern='/swagger-resources/**'], []
2023-09-14 11:11:30 |INFO  |main |DefaultSecurityFilterChain.java:43 |org.springframework.security.web.DefaultSecurityFilterChain |Creating filter chain: Ant [pattern='/webjars/**'], []
2023-09-14 11:11:30 |INFO  |main |DefaultSecurityFilterChain.java:43 |org.springframework.security.web.DefaultSecurityFilterChain |Creating filter chain: Ant [pattern='/v2/**'], []
2023-09-14 11:11:30 |INFO  |main |DefaultSecurityFilterChain.java:43 |org.springframework.security.web.DefaultSecurityFilterChain |Creating filter chain: Ant [pattern='/doc.html'], []
2023-09-14 11:11:30 |INFO  |main |DefaultSecurityFilterChain.java:43 |org.springframework.security.web.DefaultSecurityFilterChain |Creating filter chain: Ant [pattern='/admin/user/save'], []
2023-09-14 11:11:31 |INFO  |main |DefaultSecurityFilterChain.java:43 |org.springframework.security.web.DefaultSecurityFilterChain |Creating filter chain: any request, [org.springframework.security.web.context.request.async.WebAsyncManagerIntegrationFilter@74707df8, org.springframework.security.web.context.SecurityContextPersistenceFilter@506aa618, org.springframework.security.web.header.HeaderWriterFilter@6d0114c0, org.springframework.web.filter.CorsFilter@12c76d6e, org.springframework.security.web.authentication.logout.LogoutFilter@4c6bba7d, com.atguigu.accounting.security.TokenAuthenticationFilter@46702c26, com.atguigu.accounting.security.TokenLoginFilter@7956f93a, org.springframework.security.web.savedrequest.RequestCacheAwareFilter@1d6713dd, org.springframework.security.web.servletapi.SecurityContextHolderAwareRequestFilter@adafe19, org.springframework.security.web.authentication.AnonymousAuthenticationFilter@e3ed455, org.springframework.security.web.session.SessionManagementFilter@203765b2, org.springframework.security.web.access.ExceptionTranslationFilter@605c7a9e, org.springframework.security.web.access.intercept.FilterSecurityInterceptor@1d6f77d7]
2023-09-14 11:11:31 |INFO  |main |ExecutorConfigurationSupport.java:181 |org.springframework.scheduling.concurrent.ThreadPoolTaskExecutor |Initializing ExecutorService 'applicationTaskExecutor'
2023-09-14 11:11:32 |INFO  |main |DocumentationPluginsBootstrapper.java:160 |springfox.documentation.spring.web.plugins.DocumentationPluginsBootstrapper |Context refreshed
2023-09-14 11:11:32 |INFO  |main |DocumentationPluginsBootstrapper.java:163 |springfox.documentation.spring.web.plugins.DocumentationPluginsBootstrapper |Found 2 custom documentation plugin(s)
2023-09-14 11:11:32 |INFO  |main |ApiListingReferenceScanner.java:41 |springfox.documentation.spring.web.scanners.ApiListingReferenceScanner |Scanning for api listing references
2023-09-14 11:11:32 |INFO  |main |CachingOperationNameGenerator.java:40 |springfox.documentation.spring.web.readers.operation.CachingOperationNameGenerator |Generating unique operation named: saveUsingPOST_1
2023-09-14 11:11:32 |INFO  |main |CachingOperationNameGenerator.java:40 |springfox.documentation.spring.web.readers.operation.CachingOperationNameGenerator |Generating unique operation named: getByIdUsingGET_1
2023-09-14 11:11:32 |INFO  |main |CachingOperationNameGenerator.java:40 |springfox.documentation.spring.web.readers.operation.CachingOperationNameGenerator |Generating unique operation named: saveUsingPOST_2
2023-09-14 11:11:32 |INFO  |main |CachingOperationNameGenerator.java:40 |springfox.documentation.spring.web.readers.operation.CachingOperationNameGenerator |Generating unique operation named: updateUsingPUT_1
2023-09-14 11:11:32 |INFO  |main |CachingOperationNameGenerator.java:40 |springfox.documentation.spring.web.readers.operation.CachingOperationNameGenerator |Generating unique operation named: removeByIdUsingDELETE_1
2023-09-14 11:11:32 |INFO  |main |CachingOperationNameGenerator.java:40 |springfox.documentation.spring.web.readers.operation.CachingOperationNameGenerator |Generating unique operation named: deleteByIdUsingDELETE_1
2023-09-14 11:11:32 |INFO  |main |CachingOperationNameGenerator.java:40 |springfox.documentation.spring.web.readers.operation.CachingOperationNameGenerator |Generating unique operation named: doAssignUsingPUT_1
2023-09-14 11:11:32 |INFO  |main |CachingOperationNameGenerator.java:40 |springfox.documentation.spring.web.readers.operation.CachingOperationNameGenerator |Generating unique operation named: getAssignUsingGET_1
2023-09-14 11:11:32 |INFO  |main |ApiListingReferenceScanner.java:41 |springfox.documentation.spring.web.scanners.ApiListingReferenceScanner |Scanning for api listing references
2023-09-14 11:11:32 |INFO  |main |StartupInfoLogger.java:61 |com.atguigu.accounting.TestReadAndWrite |Started TestReadAndWrite in 8.789 seconds (JVM running for 10.457)
2023-09-14 11:11:33 |INFO  |main |DefaultLazyEncryptor.java:46 |com.ulisesbocchio.jasyptspringboot.encryptor.DefaultLazyEncryptor |String Encryptor custom Bean not found with name 'jasyptStringEncryptor'. Initializing Default String Encryptor
2023-09-14 11:11:33 |INFO  |main |StringEncryptorBuilder.java:119 |com.ulisesbocchio.jasyptspringboot.configuration.StringEncryptorBuilder |Encryptor config not found for property jasypt.encryptor.algorithm, using default value: PBEWITHHMACSHA512ANDAES_256
2023-09-14 11:11:33 |INFO  |main |StringEncryptorBuilder.java:119 |com.ulisesbocchio.jasyptspringboot.configuration.StringEncryptorBuilder |Encryptor config not found for property jasypt.encryptor.key-obtention-iterations, using default value: 1000
2023-09-14 11:11:33 |INFO  |main |StringEncryptorBuilder.java:119 |com.ulisesbocchio.jasyptspringboot.configuration.StringEncryptorBuilder |Encryptor config not found for property jasypt.encryptor.pool-size, using default value: 1
2023-09-14 11:11:33 |INFO  |main |StringEncryptorBuilder.java:119 |com.ulisesbocchio.jasyptspringboot.configuration.StringEncryptorBuilder |Encryptor config not found for property jasypt.encryptor.provider-name, using default value: null
2023-09-14 11:11:33 |INFO  |main |StringEncryptorBuilder.java:119 |com.ulisesbocchio.jasyptspringboot.configuration.StringEncryptorBuilder |Encryptor config not found for property jasypt.encryptor.provider-class-name, using default value: null
2023-09-14 11:11:33 |INFO  |main |StringEncryptorBuilder.java:119 |com.ulisesbocchio.jasyptspringboot.configuration.StringEncryptorBuilder |Encryptor config not found for property jasypt.encryptor.salt-generator-classname, using default value: org.jasypt.salt.RandomSaltGenerator
2023-09-14 11:11:33 |INFO  |main |StringEncryptorBuilder.java:119 |com.ulisesbocchio.jasyptspringboot.configuration.StringEncryptorBuilder |Encryptor config not found for property jasypt.encryptor.iv-generator-classname, using default value: org.jasypt.iv.RandomIvGenerator
2023-09-14 11:11:33 |INFO  |main |StringEncryptorBuilder.java:119 |com.ulisesbocchio.jasyptspringboot.configuration.StringEncryptorBuilder |Encryptor config not found for property jasypt.encryptor.string-output-type, using default value: base64
2023-09-14 11:11:33 |INFO  |SpringContextShutdownHook |ExecutorConfigurationSupport.java:218 |org.springframework.scheduling.concurrent.ThreadPoolTaskExecutor |Shutting down ExecutorService 'applicationTaskExecutor'
